2025-02-23 21:57:46,320 [INFO] Fetching data for character
2025-02-23 21:57:46,320 [INFO] Getting all character
2025-02-23 21:57:46,320 [INFO] Getting all pages of https://rickandmortyapi.com/api/character
2025-02-23 21:57:46,320 [INFO] Getting page: 1
2025-02-23 21:57:46,341 [INFO] Fetching data for episode
2025-02-23 21:57:46,341 [INFO] Getting all episode
2025-02-23 21:57:46,341 [INFO] Getting all pages of https://rickandmortyapi.com/api/episode
2025-02-23 21:57:46,341 [INFO] Getting page: 1
2025-02-23 21:57:46,342 [INFO] Fetching data for location
2025-02-23 21:57:46,342 [INFO] Getting all location
2025-02-23 21:57:46,342 [INFO] Getting all pages of https://rickandmortyapi.com/api/location
2025-02-23 21:57:46,342 [INFO] Getting page: 1
2025-02-23 21:57:47,387 [INFO] Next page: https://rickandmortyapi.com/api/character?page=2
2025-02-23 21:57:47,388 [INFO] Getting page: 2
2025-02-23 21:57:47,388 [INFO] Next page: https://rickandmortyapi.com/api/location?page=2
2025-02-23 21:57:47,389 [INFO] Getting page: 2
2025-02-23 21:57:47,389 [INFO] Next page: https://rickandmortyapi.com/api/episode?page=2
2025-02-23 21:57:47,389 [INFO] Getting page: 2
2025-02-23 21:57:47,650 [INFO] Next page: https://rickandmortyapi.com/api/character?page=3
2025-02-23 21:57:47,651 [INFO] Getting page: 3
2025-02-23 21:57:47,652 [INFO] Next page: https://rickandmortyapi.com/api/location?page=3
2025-02-23 21:57:47,652 [INFO] Getting page: 3
2025-02-23 21:57:47,675 [INFO] Next page: https://rickandmortyapi.com/api/episode?page=3
2025-02-23 21:57:47,676 [INFO] Getting page: 3
2025-02-23 21:57:47,914 [INFO] Next page: https://rickandmortyapi.com/api/character?page=4
2025-02-23 21:57:47,914 [INFO] Getting page: 4
2025-02-23 21:57:47,918 [INFO] Next page: https://rickandmortyapi.com/api/location?page=4
2025-02-23 21:57:47,918 [INFO] Getting page: 4
2025-02-23 21:57:47,960 [INFO] Next page: None
2025-02-23 21:57:47,960 [INFO] Dumping data for episode to episode.json
2025-02-23 21:57:48,177 [INFO] Next page: https://rickandmortyapi.com/api/character?page=5
2025-02-23 21:57:48,177 [INFO] Getting page: 5
2025-02-23 21:57:48,183 [INFO] Next page: https://rickandmortyapi.com/api/location?page=5
2025-02-23 21:57:48,183 [INFO] Getting page: 5
2025-02-23 21:57:48,439 [INFO] Next page: https://rickandmortyapi.com/api/character?page=6
2025-02-23 21:57:48,439 [INFO] Getting page: 6
2025-02-23 21:57:48,445 [INFO] Next page: https://rickandmortyapi.com/api/location?page=6
2025-02-23 21:57:48,445 [INFO] Getting page: 6
2025-02-23 21:57:48,709 [INFO] Next page: https://rickandmortyapi.com/api/location?page=7
2025-02-23 21:57:48,709 [INFO] Getting page: 7
2025-02-23 21:57:48,975 [INFO] Next page: None
2025-02-23 21:57:48,975 [INFO] Dumping data for location to location.json
2025-02-23 21:57:49,512 [INFO] Next page: https://rickandmortyapi.com/api/character?page=7
2025-02-23 21:57:49,512 [INFO] Getting page: 7
2025-02-23 21:57:49,792 [INFO] Next page: https://rickandmortyapi.com/api/character?page=8
2025-02-23 21:57:49,792 [INFO] Getting page: 8
2025-02-23 21:57:50,056 [INFO] Next page: https://rickandmortyapi.com/api/character?page=9
2025-02-23 21:57:50,056 [INFO] Getting page: 9
2025-02-23 21:57:50,319 [INFO] Next page: https://rickandmortyapi.com/api/character?page=10
2025-02-23 21:57:50,319 [INFO] Getting page: 10
2025-02-23 21:57:50,582 [INFO] Next page: https://rickandmortyapi.com/api/character?page=11
2025-02-23 21:57:50,582 [INFO] Getting page: 11
2025-02-23 21:57:50,848 [INFO] Next page: https://rickandmortyapi.com/api/character?page=12
2025-02-23 21:57:50,848 [INFO] Getting page: 12
2025-02-23 21:57:51,114 [INFO] Next page: https://rickandmortyapi.com/api/character?page=13
2025-02-23 21:57:51,115 [INFO] Getting page: 13
2025-02-23 21:57:51,377 [INFO] Next page: https://rickandmortyapi.com/api/character?page=14
2025-02-23 21:57:51,378 [INFO] Getting page: 14
2025-02-23 21:57:51,638 [INFO] Next page: https://rickandmortyapi.com/api/character?page=15
2025-02-23 21:57:51,638 [INFO] Getting page: 15
2025-02-23 21:57:51,902 [INFO] Next page: https://rickandmortyapi.com/api/character?page=16
2025-02-23 21:57:51,902 [INFO] Getting page: 16
2025-02-23 21:57:52,164 [INFO] Next page: https://rickandmortyapi.com/api/character?page=17
2025-02-23 21:57:52,164 [INFO] Getting page: 17
2025-02-23 21:57:52,427 [INFO] Next page: https://rickandmortyapi.com/api/character?page=18
2025-02-23 21:57:52,427 [INFO] Getting page: 18
2025-02-23 21:57:52,691 [INFO] Next page: https://rickandmortyapi.com/api/character?page=19
2025-02-23 21:57:52,691 [INFO] Getting page: 19
2025-02-23 21:57:52,954 [INFO] Next page: https://rickandmortyapi.com/api/character?page=20
2025-02-23 21:57:52,954 [INFO] Getting page: 20
2025-02-23 21:57:53,215 [INFO] Next page: https://rickandmortyapi.com/api/character?page=21
2025-02-23 21:57:53,216 [INFO] Getting page: 21
2025-02-23 21:57:53,479 [INFO] Next page: https://rickandmortyapi.com/api/character?page=22
2025-02-23 21:57:53,480 [INFO] Getting page: 22
2025-02-23 21:57:53,742 [INFO] Next page: https://rickandmortyapi.com/api/character?page=23
2025-02-23 21:57:53,742 [INFO] Getting page: 23
2025-02-23 21:57:54,005 [INFO] Next page: https://rickandmortyapi.com/api/character?page=24
2025-02-23 21:57:54,005 [INFO] Getting page: 24
2025-02-23 21:57:54,267 [INFO] Next page: https://rickandmortyapi.com/api/character?page=25
2025-02-23 21:57:54,267 [INFO] Getting page: 25
2025-02-23 21:57:54,860 [INFO] Next page: https://rickandmortyapi.com/api/character?page=26
2025-02-23 21:57:54,860 [INFO] Getting page: 26
2025-02-23 21:57:55,124 [INFO] Next page: https://rickandmortyapi.com/api/character?page=27
2025-02-23 21:57:55,124 [INFO] Getting page: 27
2025-02-23 21:57:55,387 [INFO] Next page: https://rickandmortyapi.com/api/character?page=28
2025-02-23 21:57:55,387 [INFO] Getting page: 28
2025-02-23 21:57:55,649 [INFO] Next page: https://rickandmortyapi.com/api/character?page=29
2025-02-23 21:57:55,649 [INFO] Getting page: 29
2025-02-23 21:57:55,912 [INFO] Next page: https://rickandmortyapi.com/api/character?page=30
2025-02-23 21:57:55,912 [INFO] Getting page: 30
2025-02-23 21:57:56,176 [INFO] Next page: https://rickandmortyapi.com/api/character?page=31
2025-02-23 21:57:56,176 [INFO] Getting page: 31
2025-02-23 21:57:56,439 [INFO] Next page: https://rickandmortyapi.com/api/character?page=32
2025-02-23 21:57:56,439 [INFO] Getting page: 32
2025-02-23 21:57:56,736 [INFO] Next page: https://rickandmortyapi.com/api/character?page=33
2025-02-23 21:57:56,737 [INFO] Getting page: 33
2025-02-23 21:57:57,005 [INFO] Next page: https://rickandmortyapi.com/api/character?page=34
2025-02-23 21:57:57,005 [INFO] Getting page: 34
2025-02-23 21:57:57,269 [INFO] Next page: https://rickandmortyapi.com/api/character?page=35
2025-02-23 21:57:57,269 [INFO] Getting page: 35
2025-02-23 21:57:57,531 [INFO] Next page: https://rickandmortyapi.com/api/character?page=36
2025-02-23 21:57:57,532 [INFO] Getting page: 36
2025-02-23 21:57:57,886 [INFO] Next page: https://rickandmortyapi.com/api/character?page=37
2025-02-23 21:57:57,886 [INFO] Getting page: 37
2025-02-23 21:57:58,920 [INFO] Next page: https://rickandmortyapi.com/api/character?page=38
2025-02-23 21:57:58,920 [INFO] Getting page: 38
2025-02-23 21:57:59,185 [INFO] Next page: https://rickandmortyapi.com/api/character?page=39
2025-02-23 21:57:59,185 [INFO] Getting page: 39
2025-02-23 21:57:59,464 [INFO] Next page: https://rickandmortyapi.com/api/character?page=40
2025-02-23 21:57:59,464 [INFO] Getting page: 40
2025-02-23 21:57:59,727 [INFO] Next page: https://rickandmortyapi.com/api/character?page=41
2025-02-23 21:57:59,727 [INFO] Getting page: 41
2025-02-23 21:57:59,991 [INFO] Next page: https://rickandmortyapi.com/api/character?page=42
2025-02-23 21:57:59,991 [INFO] Getting page: 42
2025-02-23 21:58:00,253 [INFO] Next page: None
2025-02-23 21:58:00,253 [INFO] Dumping data for character to character.json
2025-02-23 21:58:00,283 [INFO] Workflow character completed successfully.
2025-02-23 21:58:00,283 [INFO] Workflow episode completed successfully.
2025-02-23 21:58:00,283 [INFO] Workflow location completed successfully.
2025-02-23 21:58:00,283 [INFO] Printing the filtered episodes
